<?xml version="1.0" encoding="UTF-8"?>
<testsuite name="com.example.buscadorpersonasucam.BuscadorPersonasUcamApplicationTests" tests="1" skipped="0" failures="0" errors="0" timestamp="2023-04-27T09:48:32" hostname="MUMONASLDTIC209" time="0.744">
  <properties/>
  <testcase name="contextLoads()" classname="com.example.buscadorpersonasucam.BuscadorPersonasUcamApplicationTests" time="0.744"/>
  <system-out><![CDATA[11:48:27.081 [Test worker] DEBUG org.springframework.boot.test.context.SpringBootTestContextBootstrapper - Neither @ContextConfiguration nor @ContextHierarchy found for test class [BuscadorPersonasUcamApplicationTests]: using SpringBootContextLoader
11:48:27.094 [Test worker] DEBUG org.springframework.test.context.support.AbstractContextLoader - Could not detect default resource locations for test class [com.example.buscadorpersonasucam.BuscadorPersonasUcamApplicationTests]: no resource found for suffixes {-context.xml, Context.groovy}.
11:48:27.096 [Test worker] INFO org.springframework.test.context.support.AnnotationConfigContextLoaderUtils - Could not detect default configuration classes for test class [com.example.buscadorpersonasucam.BuscadorPersonasUcamApplicationTests]: BuscadorPersonasUcamApplicationTests does not declare any static, non-private, non-final, nested classes annotated with @Configuration.
11:48:27.152 [Test worker] DEBUG org.springframework.boot.test.context.SpringBootTestContextBootstrapper - Using ContextCustomizers for test class [BuscadorPersonasUcamApplicationTests]: [DisableObservabilityContextCustomizer, PropertyMappingContextCustomizer, Customizer, ExcludeFilterContextCustomizer, DuplicateJsonObjectContextCustomizer, MockitoContextCustomizer, TestRestTemplateContextCustomizer]
11:48:27.276 [Test worker] DEBUG org.springframework.context.annotation.ClassPathScanningCandidateComponentProvider - Identified candidate component class: file [C:\Spring\BuscadorPersonasUCAM\build\classes\java\main\com\example\buscadorpersonasucam\BuscadorPersonasUcamApplication.class]
11:48:27.287 [Test worker] INFO org.springframework.boot.test.context.SpringBootTestContextBootstrapper - Found @SpringBootConfiguration com.example.buscadorpersonasucam.BuscadorPersonasUcamApplication for test class com.example.buscadorpersonasucam.BuscadorPersonasUcamApplicationTests
11:48:27.500 [Test worker] DEBUG org.springframework.boot.test.context.SpringBootTestContextBootstrapper - Using TestExecutionListeners for test class [BuscadorPersonasUcamApplicationTests]: [ServletTestExecutionListener, DirtiesContextBeforeModesTestExecutionListener, ApplicationEventsTestExecutionListener, MockitoTestExecutionListener, DependencyInjectionTestExecutionListener, DirtiesContextTestExecutionListener, TransactionalTestExecutionListener, SqlScriptsTestExecutionListener, EventPublishingTestExecutionListener, RestDocsTestExecutionListener, MockRestServiceServerResetTestExecutionListener, MockMvcPrintOnlyOnFailureTestExecutionListener, WebDriverTestExecutionListener, MockWebServiceServerTestExecutionListener, ResetMocksTestExecutionListener]
11:48:27.504 [Test worker] DEBUG org.springframework.test.context.support.AbstractDirtiesContextTestExecutionListener - Before test class: class [BuscadorPersonasUcamApplicationTests], class annotated with @DirtiesContext [false] with mode [null]

  .   ____          _            __ _ _
 /\\ / ___'_ __ _ _(_)_ __  __ _ \ \ \ \
( ( )\___ | '_ | '_| | '_ \/ _` | \ \ \ \
 \\/  ___)| |_)| | | | | || (_| |  ) ) ) )
  '  |____| .__|_| |_|_| |_\__, | / / / /
 =========|_|==============|___/=/_/_/_/
 :: Spring Boot ::                (v3.0.4)

2023-04-27T11:48:28.048+02:00  INFO 11996 --- [    Test worker] e.b.BuscadorPersonasUcamApplicationTests : Starting BuscadorPersonasUcamApplicationTests using Java 17.0.6 with PID 11996 (started by Jose Ángel in C:\Spring\BuscadorPersonasUCAM)
2023-04-27T11:48:28.051+02:00  INFO 11996 --- [    Test worker] e.b.BuscadorPersonasUcamApplicationTests : No active profile set, falling back to 1 default profile: "default"
2023-04-27T11:48:29.051+02:00  INFO 11996 --- [    Test worker] .s.d.r.c.RepositoryConfigurationDelegate : Multiple Spring Data modules found, entering strict repository configuration mode
2023-04-27T11:48:29.052+02:00  INFO 11996 --- [    Test worker] .s.d.r.c.RepositoryConfigurationDelegate : Bootstrapping Spring Data Elasticsearch repositories in DEFAULT mode.
2023-04-27T11:48:29.069+02:00  INFO 11996 --- [    Test worker] .s.d.r.c.RepositoryConfigurationDelegate : Finished Spring Data repository scanning in 9 ms. Found 0 Elasticsearch repository interfaces.
2023-04-27T11:48:29.360+02:00  INFO 11996 --- [    Test worker] .s.d.r.c.RepositoryConfigurationDelegate : Multiple Spring Data modules found, entering strict repository configuration mode
2023-04-27T11:48:29.361+02:00  INFO 11996 --- [    Test worker] .s.d.r.c.RepositoryConfigurationDelegate : Bootstrapping Spring Data Elasticsearch repositories in DEFAULT mode.
2023-04-27T11:48:29.385+02:00  INFO 11996 --- [    Test worker] .s.d.r.c.RepositoryConfigurationDelegate : Finished Spring Data repository scanning in 23 ms. Found 0 Elasticsearch repository interfaces.
2023-04-27T11:48:29.393+02:00  INFO 11996 --- [    Test worker] .s.d.r.c.RepositoryConfigurationDelegate : Multiple Spring Data modules found, entering strict repository configuration mode
2023-04-27T11:48:29.395+02:00  INFO 11996 --- [    Test worker] .s.d.r.c.RepositoryConfigurationDelegate : Bootstrapping Spring Data Reactive Elasticsearch repositories in DEFAULT mode.
2023-04-27T11:48:29.407+02:00  INFO 11996 --- [    Test worker] .s.d.r.c.RepositoryConfigurationDelegate : Finished Spring Data repository scanning in 12 ms. Found 0 Reactive Elasticsearch repository interfaces.
2023-04-27T11:48:31.226+02:00  INFO 11996 --- [    Test worker] o.s.b.a.w.s.WelcomePageHandlerMapping    : Adding welcome page template: index
2023-04-27T11:48:31.795+02:00  WARN 11996 --- [    Test worker] .m.SimpleElasticsearchPersistentProperty : Unsupported type 'class java.lang.Long' for date property 'fecha_actualizacion'.
2023-04-27T11:48:31.800+02:00  WARN 11996 --- [    Test worker] .m.SimpleElasticsearchPersistentProperty : Unsupported type 'class java.lang.Long' for date property 'fecha_nacimiento'.
2023-04-27T11:48:32.065+02:00  INFO 11996 --- [    Test worker] e.b.BuscadorPersonasUcamApplicationTests : Started BuscadorPersonasUcamApplicationTests in 4.452 seconds (process running for 7.789)
]]></system-out>
  <system-err><![CDATA[]]></system-err>
</testsuite>
