<?xml version="1.0" encoding="UTF-8"?>
<testsuite name="com.example.buscadorpersonasucam.BuscadorPersonasUcamApplicationTests" tests="1" skipped="0" failures="0" errors="0" timestamp="2023-03-22T09:53:56" hostname="MUMONASLDTIC209" time="0.715">
  <properties/>
  <testcase name="contextLoads()" classname="com.example.buscadorpersonasucam.BuscadorPersonasUcamApplicationTests" time="0.715"/>
  <system-out><![CDATA[10:53:52.712 [Test worker] DEBUG org.springframework.boot.test.context.SpringBootTestContextBootstrapper - Neither @ContextConfiguration nor @ContextHierarchy found for test class [BuscadorPersonasUcamApplicationTests]: using SpringBootContextLoader
10:53:52.721 [Test worker] DEBUG org.springframework.test.context.support.AbstractContextLoader - Could not detect default resource locations for test class [com.example.buscadorpersonasucam.BuscadorPersonasUcamApplicationTests]: no resource found for suffixes {-context.xml, Context.groovy}.
10:53:52.722 [Test worker] INFO org.springframework.test.context.support.AnnotationConfigContextLoaderUtils - Could not detect default configuration classes for test class [com.example.buscadorpersonasucam.BuscadorPersonasUcamApplicationTests]: BuscadorPersonasUcamApplicationTests does not declare any static, non-private, non-final, nested classes annotated with @Configuration.
10:53:52.758 [Test worker] DEBUG org.springframework.boot.test.context.SpringBootTestContextBootstrapper - Using ContextCustomizers for test class [BuscadorPersonasUcamApplicationTests]: [DisableObservabilityContextCustomizer, PropertyMappingContextCustomizer, Customizer, ExcludeFilterContextCustomizer, DuplicateJsonObjectContextCustomizer, MockitoContextCustomizer, TestRestTemplateContextCustomizer]
10:53:52.863 [Test worker] DEBUG org.springframework.context.annotation.ClassPathScanningCandidateComponentProvider - Identified candidate component class: file [C:\Spring\BuscadorPersonasUCAM\build\classes\java\main\com\example\buscadorpersonasucam\BuscadorPersonasUcamApplication.class]
10:53:52.866 [Test worker] INFO org.springframework.boot.test.context.SpringBootTestContextBootstrapper - Found @SpringBootConfiguration com.example.buscadorpersonasucam.BuscadorPersonasUcamApplication for test class com.example.buscadorpersonasucam.BuscadorPersonasUcamApplicationTests
10:53:53.024 [Test worker] DEBUG org.springframework.boot.test.context.SpringBootTestContextBootstrapper - Using TestExecutionListeners for test class [BuscadorPersonasUcamApplicationTests]: [ServletTestExecutionListener, DirtiesContextBeforeModesTestExecutionListener, ApplicationEventsTestExecutionListener, MockitoTestExecutionListener, DependencyInjectionTestExecutionListener, DirtiesContextTestExecutionListener, TransactionalTestExecutionListener, SqlScriptsTestExecutionListener, EventPublishingTestExecutionListener, RestDocsTestExecutionListener, MockRestServiceServerResetTestExecutionListener, MockMvcPrintOnlyOnFailureTestExecutionListener, WebDriverTestExecutionListener, MockWebServiceServerTestExecutionListener, ResetMocksTestExecutionListener]
10:53:53.026 [Test worker] DEBUG org.springframework.test.context.support.AbstractDirtiesContextTestExecutionListener - Before test class: class [BuscadorPersonasUcamApplicationTests], class annotated with @DirtiesContext [false] with mode [null]

  .   ____          _            __ _ _
 /\\ / ___'_ __ _ _(_)_ __  __ _ \ \ \ \
( ( )\___ | '_ | '_| | '_ \/ _` | \ \ \ \
 \\/  ___)| |_)| | | | | || (_| |  ) ) ) )
  '  |____| .__|_| |_|_| |_\__, | / / / /
 =========|_|==============|___/=/_/_/_/
 :: Spring Boot ::                (v3.0.4)

2023-03-22T10:53:53.475+01:00  INFO 12524 --- [    Test worker] e.b.BuscadorPersonasUcamApplicationTests : Starting BuscadorPersonasUcamApplicationTests using Java 17.0.6 with PID 12524 (started by Jose Ángel in C:\Spring\BuscadorPersonasUCAM)
2023-03-22T10:53:53.477+01:00  INFO 12524 --- [    Test worker] e.b.BuscadorPersonasUcamApplicationTests : No active profile set, falling back to 1 default profile: "default"
2023-03-22T10:53:54.303+01:00  INFO 12524 --- [    Test worker] .s.d.r.c.RepositoryConfigurationDelegate : Bootstrapping Spring Data Elasticsearch repositories in DEFAULT mode.
2023-03-22T10:53:54.333+01:00  INFO 12524 --- [    Test worker] .s.d.r.c.RepositoryConfigurationDelegate : Finished Spring Data repository scanning in 17 ms. Found 0 Elasticsearch repository interfaces.
2023-03-22T10:53:54.343+01:00  INFO 12524 --- [    Test worker] .s.d.r.c.RepositoryConfigurationDelegate : Bootstrapping Spring Data Reactive Elasticsearch repositories in DEFAULT mode.
2023-03-22T10:53:54.347+01:00  INFO 12524 --- [    Test worker] .s.d.r.c.RepositoryConfigurationDelegate : Finished Spring Data repository scanning in 3 ms. Found 0 Reactive Elasticsearch repository interfaces.
2023-03-22T10:53:55.189+01:00  INFO 12524 --- [    Test worker] o.s.b.a.w.s.WelcomePageHandlerMapping    : Adding welcome page template: index
2023-03-22T10:53:56.019+01:00  INFO 12524 --- [    Test worker] e.b.BuscadorPersonasUcamApplicationTests : Started BuscadorPersonasUcamApplicationTests in 2.911 seconds (process running for 6.069)
]]></system-out>
  <system-err><![CDATA[]]></system-err>
</testsuite>
