<?xml version="1.0" encoding="UTF-8"?>
<testsuite name="com.example.buscadorpersonasucam.BuscadorPersonasUcamApplicationTests" tests="1" skipped="0" failures="0" errors="0" timestamp="2023-04-21T13:36:55" hostname="MUMONASLDTIC209" time="0.84">
  <properties/>
  <testcase name="contextLoads()" classname="com.example.buscadorpersonasucam.BuscadorPersonasUcamApplicationTests" time="0.84"/>
  <system-out><![CDATA[15:36:50.511 [Test worker] DEBUG org.springframework.boot.test.context.SpringBootTestContextBootstrapper - Neither @ContextConfiguration nor @ContextHierarchy found for test class [BuscadorPersonasUcamApplicationTests]: using SpringBootContextLoader
15:36:50.525 [Test worker] DEBUG org.springframework.test.context.support.AbstractContextLoader - Could not detect default resource locations for test class [com.example.buscadorpersonasucam.BuscadorPersonasUcamApplicationTests]: no resource found for suffixes {-context.xml, Context.groovy}.
15:36:50.527 [Test worker] INFO org.springframework.test.context.support.AnnotationConfigContextLoaderUtils - Could not detect default configuration classes for test class [com.example.buscadorpersonasucam.BuscadorPersonasUcamApplicationTests]: BuscadorPersonasUcamApplicationTests does not declare any static, non-private, non-final, nested classes annotated with @Configuration.
15:36:50.577 [Test worker] DEBUG org.springframework.boot.test.context.SpringBootTestContextBootstrapper - Using ContextCustomizers for test class [BuscadorPersonasUcamApplicationTests]: [DisableObservabilityContextCustomizer, PropertyMappingContextCustomizer, Customizer, ExcludeFilterContextCustomizer, DuplicateJsonObjectContextCustomizer, MockitoContextCustomizer, TestRestTemplateContextCustomizer]
15:36:50.703 [Test worker] DEBUG org.springframework.context.annotation.ClassPathScanningCandidateComponentProvider - Identified candidate component class: file [C:\Spring\BuscadorPersonasUCAM\build\classes\java\main\com\example\buscadorpersonasucam\BuscadorPersonasUcamApplication.class]
15:36:50.712 [Test worker] INFO org.springframework.boot.test.context.SpringBootTestContextBootstrapper - Found @SpringBootConfiguration com.example.buscadorpersonasucam.BuscadorPersonasUcamApplication for test class com.example.buscadorpersonasucam.BuscadorPersonasUcamApplicationTests
15:36:50.943 [Test worker] DEBUG org.springframework.boot.test.context.SpringBootTestContextBootstrapper - Using TestExecutionListeners for test class [BuscadorPersonasUcamApplicationTests]: [ServletTestExecutionListener, DirtiesContextBeforeModesTestExecutionListener, ApplicationEventsTestExecutionListener, MockitoTestExecutionListener, DependencyInjectionTestExecutionListener, DirtiesContextTestExecutionListener, TransactionalTestExecutionListener, SqlScriptsTestExecutionListener, EventPublishingTestExecutionListener, RestDocsTestExecutionListener, MockRestServiceServerResetTestExecutionListener, MockMvcPrintOnlyOnFailureTestExecutionListener, WebDriverTestExecutionListener, MockWebServiceServerTestExecutionListener, ResetMocksTestExecutionListener]
15:36:50.946 [Test worker] DEBUG org.springframework.test.context.support.AbstractDirtiesContextTestExecutionListener - Before test class: class [BuscadorPersonasUcamApplicationTests], class annotated with @DirtiesContext [false] with mode [null]

  .   ____          _            __ _ _
 /\\ / ___'_ __ _ _(_)_ __  __ _ \ \ \ \
( ( )\___ | '_ | '_| | '_ \/ _` | \ \ \ \
 \\/  ___)| |_)| | | | | || (_| |  ) ) ) )
  '  |____| .__|_| |_|_| |_\__, | / / / /
 =========|_|==============|___/=/_/_/_/
 :: Spring Boot ::                (v3.0.4)

2023-04-21T15:36:51.529+02:00  INFO 15656 --- [    Test worker] e.b.BuscadorPersonasUcamApplicationTests : Starting BuscadorPersonasUcamApplicationTests using Java 17.0.6 with PID 15656 (started by Jose Ángel in C:\Spring\BuscadorPersonasUCAM)
2023-04-21T15:36:51.531+02:00  INFO 15656 --- [    Test worker] e.b.BuscadorPersonasUcamApplicationTests : No active profile set, falling back to 1 default profile: "default"
2023-04-21T15:36:52.401+02:00  INFO 15656 --- [    Test worker] .s.d.r.c.RepositoryConfigurationDelegate : Multiple Spring Data modules found, entering strict repository configuration mode
2023-04-21T15:36:52.402+02:00  INFO 15656 --- [    Test worker] .s.d.r.c.RepositoryConfigurationDelegate : Bootstrapping Spring Data Elasticsearch repositories in DEFAULT mode.
2023-04-21T15:36:52.418+02:00  INFO 15656 --- [    Test worker] .s.d.r.c.RepositoryConfigurationDelegate : Finished Spring Data repository scanning in 9 ms. Found 0 Elasticsearch repository interfaces.
2023-04-21T15:36:52.677+02:00  INFO 15656 --- [    Test worker] .s.d.r.c.RepositoryConfigurationDelegate : Multiple Spring Data modules found, entering strict repository configuration mode
2023-04-21T15:36:52.677+02:00  INFO 15656 --- [    Test worker] .s.d.r.c.RepositoryConfigurationDelegate : Bootstrapping Spring Data Elasticsearch repositories in DEFAULT mode.
2023-04-21T15:36:52.694+02:00  INFO 15656 --- [    Test worker] .s.d.r.c.RepositoryConfigurationDelegate : Finished Spring Data repository scanning in 17 ms. Found 0 Elasticsearch repository interfaces.
2023-04-21T15:36:52.701+02:00  INFO 15656 --- [    Test worker] .s.d.r.c.RepositoryConfigurationDelegate : Multiple Spring Data modules found, entering strict repository configuration mode
2023-04-21T15:36:52.702+02:00  INFO 15656 --- [    Test worker] .s.d.r.c.RepositoryConfigurationDelegate : Bootstrapping Spring Data Reactive Elasticsearch repositories in DEFAULT mode.
2023-04-21T15:36:52.709+02:00  INFO 15656 --- [    Test worker] .s.d.r.c.RepositoryConfigurationDelegate : Finished Spring Data repository scanning in 6 ms. Found 0 Reactive Elasticsearch repository interfaces.
2023-04-21T15:36:54.633+02:00  INFO 15656 --- [    Test worker] o.s.b.a.w.s.WelcomePageHandlerMapping    : Adding welcome page template: index
2023-04-21T15:36:55.286+02:00  WARN 15656 --- [    Test worker] .m.SimpleElasticsearchPersistentProperty : Unsupported type 'class java.lang.Long' for date property 'fecha_actualizacion'.
2023-04-21T15:36:55.289+02:00  WARN 15656 --- [    Test worker] .m.SimpleElasticsearchPersistentProperty : Unsupported type 'class java.lang.Long' for date property 'fecha_nacimiento'.
2023-04-21T15:36:55.530+02:00  INFO 15656 --- [    Test worker] e.b.BuscadorPersonasUcamApplicationTests : Started BuscadorPersonasUcamApplicationTests in 4.435 seconds (process running for 7.921)
]]></system-out>
  <system-err><![CDATA[]]></system-err>
</testsuite>
